{"/Users/cniro-tmlab/Salesforce_Project/trailHeadProject/force-app/main/default/lwc/accountFinder/accountFinder.js": {"path":"/Users/cniro-tmlab/Salesforce_Project/trailHeadProject/force-app/main/default/lwc/accountFinder/accountFinder.js","statementMap":{"0":{"start":{"line":1,"column":25},"end":{"line":1,"column":null}},"1":{"start":{"line":5,"column":60},"end":{"line":5,"column":null}},"2":{"start":{"line":5,"column":60},"end":{"line":7,"column":null}},"3":{"start":{"line":7,"column":24},"end":{"line":16,"column":null}},"4":{"start":{"line":9,"column":8},"end":{"line":9,"column":null}},"5":{"start":{"line":12,"column":8},"end":{"line":12,"column":null}},"6":{"start":{"line":18,"column":1},"end":{"line":15,"column":null}},"7":{"start":{"line":15,"column":32},"end":{"line":15,"column":null}},"8":{"start":{"line":5,"column":0},"end":{"line":5,"column":43}},"9":{"start":{"line":5,"column":34},"end":{"line":5,"column":43}}},"fnMap":{"0":{"name":"_interopRequireDefault","decl":{"start":{"line":1,"column":25},"end":{"line":1,"column":null}},"loc":{"start":{"line":1,"column":25},"end":{"line":1,"column":null}}},"1":{"name":"(anonymous_2)","decl":{"start":{"line":5,"column":60},"end":{"line":5,"column":null}},"loc":{"start":{"line":5,"column":60},"end":{"line":16,"column":null}}},"2":{"name":"(anonymous_3)","decl":{"start":{"line":8,"column":4},"end":{"line":8,"column":16}},"loc":{"start":{"line":8,"column":24},"end":{"line":10,"column":null}}},"3":{"name":"(anonymous_4)","decl":{"start":{"line":11,"column":4},"end":{"line":11,"column":9}},"loc":{"start":{"line":11,"column":12},"end":{"line":13,"column":5}}},"4":{"name":"(anonymous_5)","decl":{"start":{"line":15,"column":32},"end":{"line":15,"column":34}},"loc":{"start":{"line":15,"column":32},"end":{"line":15,"column":null}}}},"branchMap":{"0":{"loc":{"start":{"line":1,"column":25},"end":{"line":1,"column":null}},"type":"cond-expr","locations":[{"start":{"line":1,"column":25},"end":{"line":1,"column":null}},{"start":{"line":1,"column":25},"end":{"line":1,"column":null}}]}},"s":{"0":0,"1":0,"2":0,"3":0,"4":0,"5":0,"6":0,"7":0,"8":0,"9":0},"f":{"0":0,"1":0,"2":0,"3":0,"4":0},"b":{"0":[0,0]}}
,"/Users/cniro-tmlab/Salesforce_Project/trailHeadProject/force-app/main/default/lwc/accountSearch/accountSearch.js": {"path":"/Users/cniro-tmlab/Salesforce_Project/trailHeadProject/force-app/main/default/lwc/accountSearch/accountSearch.js","statementMap":{"0":{"start":{"line":1,"column":25},"end":{"line":1,"column":null}},"1":{"start":{"line":5,"column":60},"end":{"line":5,"column":null}},"2":{"start":{"line":5,"column":60},"end":{"line":6,"column":null}},"3":{"start":{"line":6,"column":28},"end":{"line":17,"column":null}},"4":{"start":{"line":9,"column":8},"end":{"line":9,"column":null}},"5":{"start":{"line":13,"column":8},"end":{"line":13,"column":null}},"6":{"start":{"line":20,"column":1},"end":{"line":16,"column":null}},"7":{"start":{"line":16,"column":40},"end":{"line":16,"column":null}},"8":{"start":{"line":5,"column":0},"end":{"line":5,"column":43}},"9":{"start":{"line":5,"column":34},"end":{"line":5,"column":43}}},"fnMap":{"0":{"name":"_interopRequireDefault","decl":{"start":{"line":1,"column":25},"end":{"line":1,"column":null}},"loc":{"start":{"line":1,"column":25},"end":{"line":1,"column":null}}},"1":{"name":"(anonymous_2)","decl":{"start":{"line":5,"column":60},"end":{"line":5,"column":null}},"loc":{"start":{"line":5,"column":60},"end":{"line":17,"column":null}}},"2":{"name":"(anonymous_3)","decl":{"start":{"line":8,"column":4},"end":{"line":8,"column":16}},"loc":{"start":{"line":8,"column":23},"end":{"line":10,"column":null}}},"3":{"name":"(anonymous_4)","decl":{"start":{"line":12,"column":4},"end":{"line":12,"column":9}},"loc":{"start":{"line":12,"column":11},"end":{"line":14,"column":5}}},"4":{"name":"(anonymous_5)","decl":{"start":{"line":16,"column":40},"end":{"line":16,"column":42}},"loc":{"start":{"line":16,"column":40},"end":{"line":16,"column":null}}}},"branchMap":{"0":{"loc":{"start":{"line":1,"column":25},"end":{"line":1,"column":null}},"type":"cond-expr","locations":[{"start":{"line":1,"column":25},"end":{"line":1,"column":null}},{"start":{"line":1,"column":25},"end":{"line":1,"column":null}}]}},"s":{"0":0,"1":0,"2":0,"3":0,"4":0,"5":0,"6":0,"7":0,"8":0,"9":0},"f":{"0":0,"1":0,"2":0,"3":0,"4":0},"b":{"0":[0,0]}}
,"/Users/cniro-tmlab/Salesforce_Project/trailHeadProject/force-app/main/default/lwc/bikeCard/bikeCard.js": {"path":"/Users/cniro-tmlab/Salesforce_Project/trailHeadProject/force-app/main/default/lwc/bikeCard/bikeCard.js","statementMap":{"0":{"start":{"line":1,"column":25},"end":{"line":1,"column":null}},"1":{"start":{"line":2,"column":55},"end":{"line":2,"column":null}},"2":{"start":{"line":2,"column":55},"end":{"line":3,"column":null}},"3":{"start":{"line":3,"column":22},"end":{"line":4,"column":null}},"4":{"start":{"line":4,"column":50},"end":{"line":5,"column":null}},"5":{"start":{"line":5,"column":24},"end":{"line":6,"column":null}},"6":{"start":{"line":6,"column":21},"end":{"line":7,"column":null}},"7":{"start":{"line":7,"column":19},"end":{"line":8,"column":null}},"8":{"start":{"line":9,"column":2},"end":{"line":2,"column":38}},"9":{"start":{"line":2,"column":0},"end":{"line":2,"column":38}},"10":{"start":{"line":2,"column":29},"end":{"line":2,"column":38}}},"fnMap":{"0":{"name":"_interopRequireDefault","decl":{"start":{"line":1,"column":25},"end":{"line":1,"column":null}},"loc":{"start":{"line":1,"column":25},"end":{"line":1,"column":null}}},"1":{"name":"(anonymous_1)","decl":{"start":{"line":2,"column":55},"end":{"line":2,"column":null}},"loc":{"start":{"line":2,"column":55},"end":{"line":8,"column":null}}}},"branchMap":{"0":{"loc":{"start":{"line":1,"column":25},"end":{"line":1,"column":null}},"type":"cond-expr","locations":[{"start":{"line":1,"column":25},"end":{"line":1,"column":null}},{"start":{"line":1,"column":25},"end":{"line":1,"column":null}}]}},"s":{"0":0,"1":0,"2":0,"3":0,"4":0,"5":0,"6":0,"7":0,"8":0,"9":0,"10":0},"f":{"0":0,"1":0},"b":{"0":[0,0]}}
,"/Users/cniro-tmlab/Salesforce_Project/trailHeadProject/force-app/main/default/lwc/contactCreator/contactCreator.js": {"path":"/Users/cniro-tmlab/Salesforce_Project/trailHeadProject/force-app/main/default/lwc/contactCreator/contactCreator.js","statementMap":{"0":{"start":{"line":8,"column":25},"end":{"line":8,"column":null}},"1":{"start":{"line":9,"column":0},"end":{"line":9,"column":65}},"2":{"start":{"line":9,"column":65},"end":{"line":9,"column":null}},"3":{"start":{"line":14,"column":61},"end":{"line":14,"column":null}},"4":{"start":{"line":14,"column":61},"end":{"line":15,"column":null}},"5":{"start":{"line":15,"column":34},"end":{"line":16,"column":null}},"6":{"start":{"line":18,"column":27},"end":{"line":22,"column":10}},"7":{"start":{"line":23,"column":8},"end":{"line":23,"column":null}},"8":{"start":{"line":25,"column":1},"end":{"line":14,"column":44}},"9":{"start":{"line":14,"column":0},"end":{"line":14,"column":44}},"10":{"start":{"line":14,"column":35},"end":{"line":14,"column":44}}},"fnMap":{"0":{"name":"_interopRequireDefault","decl":{"start":{"line":9,"column":65},"end":{"line":9,"column":null}},"loc":{"start":{"line":9,"column":65},"end":{"line":9,"column":null}}},"1":{"name":"(anonymous_1)","decl":{"start":{"line":14,"column":61},"end":{"line":14,"column":null}},"loc":{"start":{"line":14,"column":61},"end":{"line":16,"column":null}}},"2":{"name":"(anonymous_2)","decl":{"start":{"line":17,"column":4},"end":{"line":17,"column":17}},"loc":{"start":{"line":17,"column":25},"end":{"line":24,"column":5}}}},"branchMap":{"0":{"loc":{"start":{"line":9,"column":65},"end":{"line":9,"column":null}},"type":"cond-expr","locations":[{"start":{"line":9,"column":65},"end":{"line":9,"column":null}},{"start":{"line":9,"column":65},"end":{"line":9,"column":null}}]}},"s":{"0":1,"1":1,"2":13,"3":1,"4":1,"5":1,"6":0,"7":0,"8":1,"9":1,"10":1},"f":{"0":1,"1":1,"2":0},"b":{"0":[2,1]}}
,"/Users/cniro-tmlab/Salesforce_Project/trailHeadProject/force-app/main/default/lwc/contactList/contactList.js": {"path":"/Users/cniro-tmlab/Salesforce_Project/trailHeadProject/force-app/main/default/lwc/contactList/contactList.js","statementMap":{"0":{"start":{"line":8,"column":25},"end":{"line":8,"column":null}},"1":{"start":{"line":13,"column":0},"end":{"line":13,"column":41}},"2":{"start":{"line":13,"column":41},"end":{"line":13,"column":null}},"3":{"start":{"line":14,"column":16},"end":{"line":17,"column":null}},"4":{"start":{"line":19,"column":58},"end":{"line":19,"column":null}},"5":{"start":{"line":19,"column":58},"end":{"line":20,"column":null}},"6":{"start":{"line":20,"column":21},"end":{"line":22,"column":null}},"7":{"start":{"line":25,"column":8},"end":{"line":26,"column":null}},"8":{"start":{"line":28,"column":1},"end":{"line":21,"column":null}},"9":{"start":{"line":21,"column":21},"end":{"line":21,"column":null}},"10":{"start":{"line":19,"column":0},"end":{"line":19,"column":41}},"11":{"start":{"line":19,"column":32},"end":{"line":19,"column":41}}},"fnMap":{"0":{"name":"_interopRequireDefault","decl":{"start":{"line":13,"column":41},"end":{"line":13,"column":null}},"loc":{"start":{"line":13,"column":41},"end":{"line":13,"column":null}}},"1":{"name":"(anonymous_2)","decl":{"start":{"line":19,"column":58},"end":{"line":19,"column":null}},"loc":{"start":{"line":19,"column":58},"end":{"line":22,"column":null}}},"2":{"name":"(anonymous_3)","decl":{"start":{"line":24,"column":4},"end":{"line":24,"column":8}},"loc":{"start":{"line":24,"column":17},"end":{"line":27,"column":5}}},"3":{"name":"(anonymous_4)","decl":{"start":{"line":21,"column":21},"end":{"line":21,"column":null}},"loc":{"start":{"line":21,"column":21},"end":{"line":21,"column":null}}}},"branchMap":{"0":{"loc":{"start":{"line":13,"column":41},"end":{"line":13,"column":null}},"type":"cond-expr","locations":[{"start":{"line":13,"column":41},"end":{"line":13,"column":null}},{"start":{"line":13,"column":41},"end":{"line":13,"column":null}}]},"1":{"loc":{"start":{"line":25,"column":16},"end":{"line":26,"column":50}},"type":"cond-expr","locations":[{"start":{"line":26,"column":12},"end":{"line":26,"column":45}},{"start":{"line":26,"column":48},"end":{"line":26,"column":50}}]}},"s":{"0":1,"1":1,"2":15,"3":1,"4":1,"5":1,"6":1,"7":0,"8":1,"9":1,"10":1,"11":1},"f":{"0":2,"1":1,"2":0,"3":1},"b":{"0":[3,2],"1":[0,0]}}
,"/Users/cniro-tmlab/Salesforce_Project/trailHeadProject/force-app/main/default/lwc/data/data.js": {"path":"/Users/cniro-tmlab/Salesforce_Project/trailHeadProject/force-app/main/default/lwc/data/data.js","statementMap":{"0":{"start":{"line":1,"column":21},"end":{"line":10,"column":null}},"1":{"start":{"line":11,"column":1},"end":{"line":11,"column":null}}},"fnMap":{},"branchMap":{},"s":{"0":0,"1":0},"f":{},"b":{}}
,"/Users/cniro-tmlab/Salesforce_Project/trailHeadProject/force-app/main/default/lwc/detail/detail.js": {"path":"/Users/cniro-tmlab/Salesforce_Project/trailHeadProject/force-app/main/default/lwc/detail/detail.js","statementMap":{"0":{"start":{"line":1,"column":25},"end":{"line":1,"column":null}},"1":{"start":{"line":2,"column":0},"end":{"line":2,"column":30}},"2":{"start":{"line":2,"column":30},"end":{"line":2,"column":null}},"3":{"start":{"line":5,"column":53},"end":{"line":5,"column":null}},"4":{"start":{"line":7,"column":4},"end":{"line":8,"column":null}},"5":{"start":{"line":10,"column":4},"end":{"line":11,"column":null}},"6":{"start":{"line":16,"column":8},"end":{"line":16,"column":null}},"7":{"start":{"line":17,"column":8},"end":{"line":17,"column":null}},"8":{"start":{"line":17,"column":42},"end":{"line":17,"column":72}},"9":{"start":{"line":22,"column":8},"end":{"line":22,"column":null}},"10":{"start":{"line":24,"column":1},"end":{"line":5,"column":36}},"11":{"start":{"line":5,"column":0},"end":{"line":5,"column":36}},"12":{"start":{"line":5,"column":27},"end":{"line":5,"column":36}}},"fnMap":{"0":{"name":"_interopRequireDefault","decl":{"start":{"line":2,"column":30},"end":{"line":2,"column":null}},"loc":{"start":{"line":2,"column":30},"end":{"line":2,"column":null}}},"1":{"name":"(anonymous_1)","decl":{"start":{"line":5,"column":53},"end":{"line":5,"column":null}},"loc":{"start":{"line":5,"column":53},"end":{"line":11,"column":null}}},"2":{"name":"(anonymous_2)","decl":{"start":{"line":15,"column":4},"end":{"line":15,"column":8}},"loc":{"start":{"line":15,"column":25},"end":{"line":18,"column":null}}},"3":{"name":"(anonymous_3)","decl":{"start":{"line":17,"column":34},"end":{"line":17,"column":38}},"loc":{"start":{"line":17,"column":42},"end":{"line":17,"column":72}}},"4":{"name":"(anonymous_4)","decl":{"start":{"line":21,"column":4},"end":{"line":21,"column":13}},"loc":{"start":{"line":21,"column":24},"end":{"line":23,"column":5}}}},"branchMap":{"0":{"loc":{"start":{"line":2,"column":30},"end":{"line":2,"column":null}},"type":"cond-expr","locations":[{"start":{"line":2,"column":30},"end":{"line":2,"column":null}},{"start":{"line":2,"column":30},"end":{"line":2,"column":null}}]}},"s":{"0":0,"1":0,"2":0,"3":0,"4":0,"5":0,"6":0,"7":0,"8":0,"9":0,"10":0,"11":0,"12":0},"f":{"0":0,"1":0,"2":0,"3":0,"4":0},"b":{"0":[0,0]}}
,"/Users/cniro-tmlab/Salesforce_Project/trailHeadProject/force-app/main/default/lwc/helloWorld/helloWorld.js": {"path":"/Users/cniro-tmlab/Salesforce_Project/trailHeadProject/force-app/main/default/lwc/helloWorld/helloWorld.js","statementMap":{"0":{"start":{"line":1,"column":25},"end":{"line":1,"column":null}},"1":{"start":{"line":2,"column":57},"end":{"line":2,"column":null}},"2":{"start":{"line":2,"column":57},"end":{"line":3,"column":null}},"3":{"start":{"line":5,"column":6},"end":{"line":5,"column":null}},"4":{"start":{"line":7,"column":3},"end":{"line":2,"column":40}},"5":{"start":{"line":2,"column":0},"end":{"line":2,"column":40}},"6":{"start":{"line":2,"column":31},"end":{"line":2,"column":40}}},"fnMap":{"0":{"name":"_interopRequireDefault","decl":{"start":{"line":1,"column":25},"end":{"line":1,"column":null}},"loc":{"start":{"line":1,"column":25},"end":{"line":1,"column":null}}},"1":{"name":"(anonymous_1)","decl":{"start":{"line":2,"column":57},"end":{"line":2,"column":null}},"loc":{"start":{"line":2,"column":57},"end":{"line":3,"column":null}}},"2":{"name":"(anonymous_2)","decl":{"start":{"line":4,"column":4},"end":{"line":4,"column":17}},"loc":{"start":{"line":4,"column":25},"end":{"line":6,"column":5}}}},"branchMap":{"0":{"loc":{"start":{"line":1,"column":25},"end":{"line":1,"column":null}},"type":"cond-expr","locations":[{"start":{"line":1,"column":25},"end":{"line":1,"column":null}},{"start":{"line":1,"column":25},"end":{"line":1,"column":null}}]}},"s":{"0":0,"1":0,"2":0,"3":0,"4":0,"5":0,"6":0},"f":{"0":0,"1":0,"2":0},"b":{"0":[0,0]}}
,"/Users/cniro-tmlab/Salesforce_Project/trailHeadProject/force-app/main/default/lwc/ldsUtils/ldsUtils.js": {"path":"/Users/cniro-tmlab/Salesforce_Project/trailHeadProject/force-app/main/default/lwc/ldsUtils/ldsUtils.js","statementMap":{"0":{"start":{"line":7,"column":4},"end":{"line":9,"column":null}},"1":{"start":{"line":8,"column":8},"end":{"line":8,"column":null}},"2":{"start":{"line":11,"column":4},"end":{"line":79,"column":null}},"3":{"start":{"line":14,"column":31},"end":{"line":14,"column":38}},"4":{"start":{"line":18,"column":16},"end":{"line":72,"column":null}},"5":{"start":{"line":19,"column":20},"end":{"line":19,"column":null}},"6":{"start":{"line":19,"column":49},"end":{"line":19,"column":58}},"7":{"start":{"line":22,"column":21},"end":{"line":72,"column":null}},"8":{"start":{"line":26,"column":20},"end":{"line":26,"column":null}},"9":{"start":{"line":26,"column":60},"end":{"line":26,"column":69}},"10":{"start":{"line":29,"column":21},"end":{"line":72,"column":null}},"11":{"start":{"line":33,"column":40},"end":{"line":33,"column":42}},"12":{"start":{"line":34,"column":20},"end":{"line":40,"column":null}},"13":{"start":{"line":36,"column":28},"end":{"line":38,"column":null}},"14":{"start":{"line":37,"column":57},"end":{"line":37,"column":66}},"15":{"start":{"line":41,"column":20},"end":{"line":41,"column":null}},"16":{"start":{"line":44,"column":21},"end":{"line":72,"column":null}},"17":{"start":{"line":48,"column":20},"end":{"line":48,"column":null}},"18":{"start":{"line":48,"column":63},"end":{"line":48,"column":72}},"19":{"start":{"line":51,"column":21},"end":{"line":72,"column":null}},"20":{"start":{"line":55,"column":40},"end":{"line":55,"column":42}},"21":{"start":{"line":56,"column":20},"end":{"line":62,"column":null}},"22":{"start":{"line":58,"column":28},"end":{"line":60,"column":null}},"23":{"start":{"line":59,"column":57},"end":{"line":59,"column":66}},"24":{"start":{"line":63,"column":20},"end":{"line":63,"column":null}},"25":{"start":{"line":66,"column":21},"end":{"line":72,"column":null}},"26":{"start":{"line":67,"column":20},"end":{"line":67,"column":null}},"27":{"start":{"line":70,"column":21},"end":{"line":72,"column":null}},"28":{"start":{"line":71,"column":20},"end":{"line":71,"column":null}},"29":{"start":{"line":74,"column":16},"end":{"line":74,"column":null}},"30":{"start":{"line":77,"column":36},"end":{"line":77,"column":53}},"31":{"start":{"line":79,"column":33},"end":{"line":79,"column":42}}},"fnMap":{"0":{"name":"reduceErrors","decl":{"start":{"line":6,"column":16},"end":{"line":6,"column":28}},"loc":{"start":{"line":6,"column":37},"end":{"line":81,"column":null}}},"1":{"name":"(anonymous_1)","decl":{"start":{"line":14,"column":21},"end":{"line":14,"column":26}},"loc":{"start":{"line":14,"column":31},"end":{"line":14,"column":38}}},"2":{"name":"(anonymous_2)","decl":{"start":{"line":16,"column":18},"end":{"line":16,"column":23}},"loc":{"start":{"line":16,"column":28},"end":{"line":75,"column":13}}},"3":{"name":"(anonymous_3)","decl":{"start":{"line":19,"column":43},"end":{"line":19,"column":44}},"loc":{"start":{"line":19,"column":49},"end":{"line":19,"column":58}}},"4":{"name":"(anonymous_4)","decl":{"start":{"line":26,"column":54},"end":{"line":26,"column":55}},"loc":{"start":{"line":26,"column":60},"end":{"line":26,"column":69}}},"5":{"name":"(anonymous_5)","decl":{"start":{"line":35,"column":25},"end":{"line":35,"column":35}},"loc":{"start":{"line":35,"column":40},"end":{"line":39,"column":25}}},"6":{"name":"(anonymous_6)","decl":{"start":{"line":37,"column":51},"end":{"line":37,"column":52}},"loc":{"start":{"line":37,"column":57},"end":{"line":37,"column":66}}},"7":{"name":"(anonymous_7)","decl":{"start":{"line":48,"column":57},"end":{"line":48,"column":58}},"loc":{"start":{"line":48,"column":63},"end":{"line":48,"column":72}}},"8":{"name":"(anonymous_8)","decl":{"start":{"line":57,"column":25},"end":{"line":57,"column":35}},"loc":{"start":{"line":57,"column":40},"end":{"line":61,"column":25}}},"9":{"name":"(anonymous_9)","decl":{"start":{"line":59,"column":51},"end":{"line":59,"column":52}},"loc":{"start":{"line":59,"column":57},"end":{"line":59,"column":66}}},"10":{"name":"(anonymous_10)","decl":{"start":{"line":77,"column":20},"end":{"line":77,"column":21}},"loc":{"start":{"line":77,"column":36},"end":{"line":77,"column":53}}},"11":{"name":"(anonymous_11)","decl":{"start":{"line":79,"column":21},"end":{"line":79,"column":28}},"loc":{"start":{"line":79,"column":33},"end":{"line":79,"column":42}}}},"branchMap":{"0":{"loc":{"start":{"line":7,"column":4},"end":{"line":9,"column":null}},"type":"if","locations":[{"start":{"line":7,"column":4},"end":{"line":9,"column":null}}]},"1":{"loc":{"start":{"line":18,"column":16},"end":{"line":72,"column":null}},"type":"if","locations":[{"start":{"line":18,"column":16},"end":{"line":72,"column":null}},{"start":{"line":22,"column":21},"end":{"line":72,"column":null}}]},"2":{"loc":{"start":{"line":22,"column":21},"end":{"line":72,"column":null}},"type":"if","locations":[{"start":{"line":22,"column":21},"end":{"line":72,"column":null}},{"start":{"line":29,"column":21},"end":{"line":72,"column":null}}]},"3":{"loc":{"start":{"line":23,"column":20},"end":{"line":24,"column":52}},"type":"binary-expr","locations":[{"start":{"line":23,"column":20},"end":{"line":23,"column":43}},{"start":{"line":24,"column":20},"end":{"line":24,"column":52}}]},"4":{"loc":{"start":{"line":29,"column":21},"end":{"line":72,"column":null}},"type":"if","locations":[{"start":{"line":29,"column":21},"end":{"line":72,"column":null}},{"start":{"line":44,"column":21},"end":{"line":72,"column":null}}]},"5":{"loc":{"start":{"line":30,"column":20},"end":{"line":31,"column":66}},"type":"binary-expr","locations":[{"start":{"line":30,"column":20},"end":{"line":30,"column":44}},{"start":{"line":31,"column":20},"end":{"line":31,"column":66}}]},"6":{"loc":{"start":{"line":44,"column":21},"end":{"line":72,"column":null}},"type":"if","locations":[{"start":{"line":44,"column":21},"end":{"line":72,"column":null}},{"start":{"line":51,"column":21},"end":{"line":72,"column":null}}]},"7":{"loc":{"start":{"line":45,"column":20},"end":{"line":46,"column":55}},"type":"binary-expr","locations":[{"start":{"line":45,"column":20},"end":{"line":45,"column":47}},{"start":{"line":46,"column":20},"end":{"line":46,"column":55}}]},"8":{"loc":{"start":{"line":51,"column":21},"end":{"line":72,"column":null}},"type":"if","locations":[{"start":{"line":51,"column":21},"end":{"line":72,"column":null}},{"start":{"line":66,"column":21},"end":{"line":72,"column":null}}]},"9":{"loc":{"start":{"line":52,"column":20},"end":{"line":53,"column":73}},"type":"binary-expr","locations":[{"start":{"line":52,"column":20},"end":{"line":52,"column":52}},{"start":{"line":53,"column":20},"end":{"line":53,"column":73}}]},"10":{"loc":{"start":{"line":66,"column":21},"end":{"line":72,"column":null}},"type":"if","locations":[{"start":{"line":66,"column":21},"end":{"line":72,"column":null}},{"start":{"line":70,"column":21},"end":{"line":72,"column":null}}]},"11":{"loc":{"start":{"line":66,"column":25},"end":{"line":66,"column":77}},"type":"binary-expr","locations":[{"start":{"line":66,"column":25},"end":{"line":66,"column":35}},{"start":{"line":66,"column":39},"end":{"line":66,"column":77}}]},"12":{"loc":{"start":{"line":70,"column":21},"end":{"line":72,"column":null}},"type":"if","locations":[{"start":{"line":70,"column":21},"end":{"line":72,"column":null}}]}},"s":{"0":13,"1":8,"2":13,"3":14,"4":14,"5":1,"6":2,"7":13,"8":2,"9":3,"10":11,"11":2,"12":2,"13":3,"14":3,"15":2,"16":9,"17":2,"18":3,"19":7,"20":2,"21":2,"22":3,"23":3,"24":2,"25":5,"26":1,"27":4,"28":3,"29":1,"30":14,"31":19},"f":{"0":13,"1":14,"2":14,"3":2,"4":3,"5":3,"6":3,"7":3,"8":3,"9":3,"10":14,"11":19},"b":{"0":[8],"1":[1,13],"2":[2,11],"3":[13,2],"4":[2,9],"5":[11,2],"6":[2,7],"7":[9,2],"8":[2,5],"9":[7,2],"10":[1,4],"11":[5,1],"12":[3]}}
,"/Users/cniro-tmlab/Salesforce_Project/trailHeadProject/force-app/main/default/lwc/list/list.js": {"path":"/Users/cniro-tmlab/Salesforce_Project/trailHeadProject/force-app/main/default/lwc/list/list.js","statementMap":{"0":{"start":{"line":1,"column":25},"end":{"line":1,"column":null}},"1":{"start":{"line":2,"column":0},"end":{"line":2,"column":30}},"2":{"start":{"line":2,"column":30},"end":{"line":2,"column":null}},"3":{"start":{"line":4,"column":51},"end":{"line":4,"column":null}},"4":{"start":{"line":4,"column":51},"end":{"line":5,"column":null}},"5":{"start":{"line":9,"column":22},"end":{"line":11,"column":10}},"6":{"start":{"line":13,"column":8},"end":{"line":13,"column":null}},"7":{"start":{"line":15,"column":1},"end":{"line":4,"column":34}},"8":{"start":{"line":4,"column":0},"end":{"line":4,"column":34}},"9":{"start":{"line":4,"column":25},"end":{"line":4,"column":34}}},"fnMap":{"0":{"name":"_interopRequireDefault","decl":{"start":{"line":2,"column":30},"end":{"line":2,"column":null}},"loc":{"start":{"line":2,"column":30},"end":{"line":2,"column":null}}},"1":{"name":"(anonymous_1)","decl":{"start":{"line":4,"column":51},"end":{"line":4,"column":null}},"loc":{"start":{"line":4,"column":51},"end":{"line":5,"column":null}}},"2":{"name":"(anonymous_2)","decl":{"start":{"line":7,"column":4},"end":{"line":7,"column":19}},"loc":{"start":{"line":7,"column":25},"end":{"line":14,"column":5}}}},"branchMap":{"0":{"loc":{"start":{"line":2,"column":30},"end":{"line":2,"column":null}},"type":"cond-expr","locations":[{"start":{"line":2,"column":30},"end":{"line":2,"column":null}},{"start":{"line":2,"column":30},"end":{"line":2,"column":null}}]}},"s":{"0":0,"1":0,"2":0,"3":0,"4":0,"5":0,"6":0,"7":0,"8":0,"9":0},"f":{"0":0,"1":0,"2":0},"b":{"0":[0,0]}}
,"/Users/cniro-tmlab/Salesforce_Project/trailHeadProject/force-app/main/default/lwc/selector/selector.js": {"path":"/Users/cniro-tmlab/Salesforce_Project/trailHeadProject/force-app/main/default/lwc/selector/selector.js","statementMap":{"0":{"start":{"line":1,"column":25},"end":{"line":1,"column":null}},"1":{"start":{"line":2,"column":0},"end":{"line":2,"column":64}},"2":{"start":{"line":2,"column":64},"end":{"line":2,"column":null}},"3":{"start":{"line":5,"column":15},"end":{"line":5,"column":27}},"4":{"start":{"line":6,"column":55},"end":{"line":6,"column":null}},"5":{"start":{"line":6,"column":55},"end":{"line":7,"column":null}},"6":{"start":{"line":7,"column":21},"end":{"line":11,"column":null}},"7":{"start":{"line":11,"column":15},"end":{"line":13,"column":null}},"8":{"start":{"line":9,"column":8},"end":{"line":9,"column":null}},"9":{"start":{"line":15,"column":8},"end":{"line":15,"column":null}},"10":{"start":{"line":17,"column":1},"end":{"line":12,"column":44}},"11":{"start":{"line":12,"column":19},"end":{"line":12,"column":44}},"12":{"start":{"line":6,"column":0},"end":{"line":6,"column":38}},"13":{"start":{"line":6,"column":29},"end":{"line":6,"column":38}}},"fnMap":{"0":{"name":"_interopRequireDefault","decl":{"start":{"line":2,"column":64},"end":{"line":2,"column":null}},"loc":{"start":{"line":2,"column":64},"end":{"line":2,"column":null}}},"1":{"name":"(anonymous_1)","decl":{"start":{"line":6,"column":55},"end":{"line":6,"column":null}},"loc":{"start":{"line":6,"column":55},"end":{"line":13,"column":null}}},"2":{"name":"(anonymous_2)","decl":{"start":{"line":8,"column":4},"end":{"line":8,"column":25}},"loc":{"start":{"line":8,"column":31},"end":{"line":10,"column":null}}},"3":{"name":"(anonymous_3)","decl":{"start":{"line":14,"column":4},"end":{"line":14,"column":8}},"loc":{"start":{"line":14,"column":15},"end":{"line":16,"column":5}}},"4":{"name":"(anonymous_4)","decl":{"start":{"line":12,"column":19},"end":{"line":12,"column":23}},"loc":{"start":{"line":12,"column":19},"end":{"line":12,"column":44}}}},"branchMap":{"0":{"loc":{"start":{"line":2,"column":64},"end":{"line":2,"column":null}},"type":"cond-expr","locations":[{"start":{"line":2,"column":64},"end":{"line":2,"column":null}},{"start":{"line":2,"column":64},"end":{"line":2,"column":null}}]}},"s":{"0":0,"1":0,"2":0,"3":0,"4":0,"5":0,"6":0,"7":0,"8":0,"9":0,"10":0,"11":0,"12":0,"13":0},"f":{"0":0,"1":0,"2":0,"3":0,"4":0},"b":{"0":[0,0]}}
,"/Users/cniro-tmlab/Salesforce_Project/trailHeadProject/force-app/main/default/lwc/tile/tile.js": {"path":"/Users/cniro-tmlab/Salesforce_Project/trailHeadProject/force-app/main/default/lwc/tile/tile.js","statementMap":{"0":{"start":{"line":1,"column":25},"end":{"line":1,"column":null}},"1":{"start":{"line":3,"column":51},"end":{"line":3,"column":null}},"2":{"start":{"line":3,"column":51},"end":{"line":4,"column":null}},"3":{"start":{"line":7,"column":22},"end":{"line":10,"column":10}},"4":{"start":{"line":12,"column":8},"end":{"line":12,"column":null}},"5":{"start":{"line":14,"column":1},"end":{"line":3,"column":34}},"6":{"start":{"line":3,"column":0},"end":{"line":3,"column":34}},"7":{"start":{"line":3,"column":25},"end":{"line":3,"column":34}}},"fnMap":{"0":{"name":"_interopRequireDefault","decl":{"start":{"line":1,"column":25},"end":{"line":1,"column":null}},"loc":{"start":{"line":1,"column":25},"end":{"line":1,"column":null}}},"1":{"name":"(anonymous_1)","decl":{"start":{"line":3,"column":51},"end":{"line":3,"column":null}},"loc":{"start":{"line":3,"column":51},"end":{"line":4,"column":null}}},"2":{"name":"(anonymous_2)","decl":{"start":{"line":6,"column":4},"end":{"line":6,"column":13}},"loc":{"start":{"line":6,"column":16},"end":{"line":13,"column":5}}}},"branchMap":{"0":{"loc":{"start":{"line":1,"column":25},"end":{"line":1,"column":null}},"type":"cond-expr","locations":[{"start":{"line":1,"column":25},"end":{"line":1,"column":null}},{"start":{"line":1,"column":25},"end":{"line":1,"column":null}}]}},"s":{"0":0,"1":0,"2":0,"3":0,"4":0,"5":0,"6":0,"7":0},"f":{"0":0,"1":0,"2":0},"b":{"0":[0,0]}}
}
