TN:
SF:force-app/main/default/lwc/accountFinder/accountFinder.js
FN:1,_interopRequireDefault
FN:5,(anonymous_2)
FN:8,(anonymous_3)
FN:11,(anonymous_4)
FN:15,(anonymous_5)
FNF:5
FNH:0
FNDA:0,_interopRequireDefault
FNDA:0,(anonymous_2)
FNDA:0,(anonymous_3)
FNDA:0,(anonymous_4)
FNDA:0,(anonymous_5)
DA:1,0
DA:5,0
DA:7,0
DA:9,0
DA:12,0
DA:15,0
DA:18,0
LF:7
LH:0
BRDA:1,0,0,0
BRDA:1,0,1,0
BRF:2
BRH:0
end_of_record
TN:
SF:force-app/main/default/lwc/accountSearch/accountSearch.js
FN:1,_interopRequireDefault
FN:5,(anonymous_2)
FN:8,(anonymous_3)
FN:12,(anonymous_4)
FN:16,(anonymous_5)
FNF:5
FNH:0
FNDA:0,_interopRequireDefault
FNDA:0,(anonymous_2)
FNDA:0,(anonymous_3)
FNDA:0,(anonymous_4)
FNDA:0,(anonymous_5)
DA:1,0
DA:5,0
DA:6,0
DA:9,0
DA:13,0
DA:16,0
DA:20,0
LF:7
LH:0
BRDA:1,0,0,0
BRDA:1,0,1,0
BRF:2
BRH:0
end_of_record
TN:
SF:force-app/main/default/lwc/bikeCard/bikeCard.js
FN:1,_interopRequireDefault
FN:2,(anonymous_1)
FNF:2
FNH:0
FNDA:0,_interopRequireDefault
FNDA:0,(anonymous_1)
DA:1,0
DA:2,0
DA:3,0
DA:4,0
DA:5,0
DA:6,0
DA:7,0
DA:9,0
LF:8
LH:0
BRDA:1,0,0,0
BRDA:1,0,1,0
BRF:2
BRH:0
end_of_record
TN:
SF:force-app/main/default/lwc/contactCreator/contactCreator.js
FN:9,_interopRequireDefault
FN:14,(anonymous_1)
FN:17,(anonymous_2)
FNF:3
FNH:2
FNDA:1,_interopRequireDefault
FNDA:1,(anonymous_1)
FNDA:0,(anonymous_2)
DA:8,1
DA:9,13
DA:14,1
DA:15,1
DA:18,0
DA:23,0
DA:25,1
LF:7
LH:5
BRDA:9,0,0,2
BRDA:9,0,1,1
BRF:2
BRH:2
end_of_record
TN:
SF:force-app/main/default/lwc/contactList/contactList.js
FN:13,_interopRequireDefault
FN:19,(anonymous_2)
FN:24,(anonymous_3)
FN:21,(anonymous_4)
FNF:4
FNH:3
FNDA:2,_interopRequireDefault
FNDA:1,(anonymous_2)
FNDA:0,(anonymous_3)
FNDA:1,(anonymous_4)
DA:8,1
DA:13,15
DA:14,1
DA:19,1
DA:20,1
DA:21,1
DA:25,0
DA:28,1
LF:8
LH:7
BRDA:13,0,0,3
BRDA:13,0,1,2
BRDA:25,1,0,0
BRDA:25,1,1,0
BRF:4
BRH:2
end_of_record
TN:
SF:force-app/main/default/lwc/data/data.js
FNF:0
FNH:0
DA:1,0
DA:11,0
LF:2
LH:0
BRF:0
BRH:0
end_of_record
TN:
SF:force-app/main/default/lwc/detail/detail.js
FN:2,_interopRequireDefault
FN:5,(anonymous_1)
FN:15,(anonymous_2)
FN:17,(anonymous_3)
FN:21,(anonymous_4)
FNF:5
FNH:0
FNDA:0,_interopRequireDefault
FNDA:0,(anonymous_1)
FNDA:0,(anonymous_2)
FNDA:0,(anonymous_3)
FNDA:0,(anonymous_4)
DA:1,0
DA:2,0
DA:5,0
DA:7,0
DA:10,0
DA:16,0
DA:17,0
DA:22,0
DA:24,0
LF:9
LH:0
BRDA:2,0,0,0
BRDA:2,0,1,0
BRF:2
BRH:0
end_of_record
TN:
SF:force-app/main/default/lwc/helloWorld/helloWorld.js
FN:1,_interopRequireDefault
FN:2,(anonymous_1)
FN:4,(anonymous_2)
FNF:3
FNH:0
FNDA:0,_interopRequireDefault
FNDA:0,(anonymous_1)
FNDA:0,(anonymous_2)
DA:1,0
DA:2,0
DA:5,0
DA:7,0
LF:4
LH:0
BRDA:1,0,0,0
BRDA:1,0,1,0
BRF:2
BRH:0
end_of_record
TN:
SF:force-app/main/default/lwc/ldsUtils/ldsUtils.js
FN:6,reduceErrors
FN:14,(anonymous_1)
FN:16,(anonymous_2)
FN:19,(anonymous_3)
FN:26,(anonymous_4)
FN:35,(anonymous_5)
FN:37,(anonymous_6)
FN:48,(anonymous_7)
FN:57,(anonymous_8)
FN:59,(anonymous_9)
FN:77,(anonymous_10)
FN:79,(anonymous_11)
FNF:12
FNH:12
FNDA:13,reduceErrors
FNDA:14,(anonymous_1)
FNDA:14,(anonymous_2)
FNDA:2,(anonymous_3)
FNDA:3,(anonymous_4)
FNDA:3,(anonymous_5)
FNDA:3,(anonymous_6)
FNDA:3,(anonymous_7)
FNDA:3,(anonymous_8)
FNDA:3,(anonymous_9)
FNDA:14,(anonymous_10)
FNDA:19,(anonymous_11)
DA:7,13
DA:8,8
DA:11,13
DA:14,14
DA:18,14
DA:19,2
DA:22,13
DA:26,3
DA:29,11
DA:33,2
DA:34,2
DA:36,3
DA:37,3
DA:41,2
DA:44,9
DA:48,3
DA:51,7
DA:55,2
DA:56,2
DA:58,3
DA:59,3
DA:63,2
DA:66,5
DA:67,1
DA:70,4
DA:71,3
DA:74,1
DA:77,14
DA:79,19
LF:29
LH:29
BRDA:7,0,0,8
BRDA:18,1,0,1
BRDA:18,1,1,13
BRDA:22,2,0,2
BRDA:22,2,1,11
BRDA:23,3,0,13
BRDA:23,3,1,2
BRDA:29,4,0,2
BRDA:29,4,1,9
BRDA:30,5,0,11
BRDA:30,5,1,2
BRDA:44,6,0,2
BRDA:44,6,1,7
BRDA:45,7,0,9
BRDA:45,7,1,2
BRDA:51,8,0,2
BRDA:51,8,1,5
BRDA:52,9,0,7
BRDA:52,9,1,2
BRDA:66,10,0,1
BRDA:66,10,1,4
BRDA:66,11,0,5
BRDA:66,11,1,1
BRDA:70,12,0,3
BRF:24
BRH:24
end_of_record
TN:
SF:force-app/main/default/lwc/list/list.js
FN:2,_interopRequireDefault
FN:4,(anonymous_1)
FN:7,(anonymous_2)
FNF:3
FNH:0
FNDA:0,_interopRequireDefault
FNDA:0,(anonymous_1)
FNDA:0,(anonymous_2)
DA:1,0
DA:2,0
DA:4,0
DA:9,0
DA:13,0
DA:15,0
LF:6
LH:0
BRDA:2,0,0,0
BRDA:2,0,1,0
BRF:2
BRH:0
end_of_record
TN:
SF:force-app/main/default/lwc/selector/selector.js
FN:2,_interopRequireDefault
FN:6,(anonymous_1)
FN:8,(anonymous_2)
FN:14,(anonymous_3)
FN:12,(anonymous_4)
FNF:5
FNH:0
FNDA:0,_interopRequireDefault
FNDA:0,(anonymous_1)
FNDA:0,(anonymous_2)
FNDA:0,(anonymous_3)
FNDA:0,(anonymous_4)
DA:1,0
DA:2,0
DA:5,0
DA:6,0
DA:7,0
DA:9,0
DA:11,0
DA:12,0
DA:15,0
DA:17,0
LF:10
LH:0
BRDA:2,0,0,0
BRDA:2,0,1,0
BRF:2
BRH:0
end_of_record
TN:
SF:force-app/main/default/lwc/tile/tile.js
FN:1,_interopRequireDefault
FN:3,(anonymous_1)
FN:6,(anonymous_2)
FNF:3
FNH:0
FNDA:0,_interopRequireDefault
FNDA:0,(anonymous_1)
FNDA:0,(anonymous_2)
DA:1,0
DA:3,0
DA:7,0
DA:12,0
DA:14,0
LF:5
LH:0
BRDA:1,0,0,0
BRDA:1,0,1,0
BRF:2
BRH:0
end_of_record
